<?xml version="1.0" encoding="UTF-8"?>
<!-- Generated by org.testng.reporters.JUnitReportReporter -->
<testsuite hostname="RichaHome" name="eCommerce.qaonair.App" tests="1" failures="0" timestamp="24 Jul 2017 04:53:39 GMT" time="32.112" errors="0">
  <testcase name="freelSignUp" time="32.112" classname="eCommerce.qaonair.App"/>
</testsuite> <!-- eCommerce.qaonair.App -->
