<?xml version="1.0" encoding="UTF-8"?>
<!-- Generated by org.testng.reporters.JUnitReportReporter -->
<testsuite hostname="RichaHome" name="com.qaonair.automation.utility.ExcelUtility" tests="1" failures="0" timestamp="23 Jul 2017 00:02:57 GMT" time="0.849" errors="0">
  <testcase name="readTestcases" time="0.849" classname="com.qaonair.automation.utility.ExcelUtility"/>
</testsuite> <!-- com.qaonair.automation.utility.ExcelUtility -->
